1642087040487	geckodriver	INFO	Listening on 127.0.0.1:46335
1642087040490	mozrunner::runner	INFO	Running command: "/usr/bin/firefox" "--marionette" "-no-remote" "-profile" "/tmp/rust_mozprofilejJHE6s"
1642087041919	Marionette	INFO	Marionette enabled

(firefox:5984): dconf-CRITICAL **: 20:47:22.212: unable to create directory '/run/user/0/dconf': Permission denied.  dconf will not work properly.

(firefox:5984): dconf-CRITICAL **: 20:47:22.213: unable to create directory '/run/user/0/dconf': Permission denied.  dconf will not work properly.

(firefox:5984): dconf-CRITICAL **: 20:47:22.213: unable to create directory '/run/user/0/dconf': Permission denied.  dconf will not work properly.

(firefox:5984): dconf-CRITICAL **: 20:47:22.213: unable to create directory '/run/user/0/dconf': Permission denied.  dconf will not work properly.

(firefox:5984): dconf-CRITICAL **: 20:47:22.213: unable to create directory '/run/user/0/dconf': Permission denied.  dconf will not work properly.

(firefox:5984): dconf-CRITICAL **: 20:47:22.216: unable to create directory '/run/user/0/dconf': Permission denied.  dconf will not work properly.

(firefox:5984): dconf-CRITICAL **: 20:47:22.216: unable to create directory '/run/user/0/dconf': Permission denied.  dconf will not work properly.

(firefox:5984): dconf-CRITICAL **: 20:47:22.984: unable to create directory '/run/user/0/dconf': Permission denied.  dconf will not work properly.

(firefox:5984): dconf-CRITICAL **: 20:47:22.985: unable to create directory '/run/user/0/dconf': Permission denied.  dconf will not work properly.

(firefox:5984): dconf-CRITICAL **: 20:47:22.985: unable to create directory '/run/user/0/dconf': Permission denied.  dconf will not work properly.

(firefox:5984): LIBDBUSMENU-GLIB-WARNING **: 20:47:23.001: Unable to get session bus: Could not connect: Permission denied

(firefox:5984): dconf-CRITICAL **: 20:47:23.302: unable to create directory '/run/user/0/dconf': Permission denied.  dconf will not work properly.

(firefox:5984): dconf-CRITICAL **: 20:47:23.302: unable to create directory '/run/user/0/dconf': Permission denied.  dconf will not work properly.

(firefox:5984): dconf-CRITICAL **: 20:47:23.324: unable to create directory '/run/user/0/dconf': Permission denied.  dconf will not work properly.

(firefox:5984): dconf-CRITICAL **: 20:47:23.324: unable to create directory '/run/user/0/dconf': Permission denied.  dconf will not work properly.
console.warn: SearchSettings: "get: No settings file exists, new profile?" (new NotFoundError("Could not open the file at /tmp/rust_mozprofilejJHE6s/search.json.mozlz4", (void 0)))

(firefox:5984): dconf-CRITICAL **: 20:47:23.549: unable to create directory '/run/user/0/dconf': Permission denied.  dconf will not work properly.

(firefox:5984): dconf-CRITICAL **: 20:47:23.549: unable to create directory '/run/user/0/dconf': Permission denied.  dconf will not work properly.

(firefox:5984): dconf-CRITICAL **: 20:47:23.555: unable to create directory '/run/user/0/dconf': Permission denied.  dconf will not work properly.

(firefox:5984): dconf-CRITICAL **: 20:47:23.556: unable to create directory '/run/user/0/dconf': Permission denied.  dconf will not work properly.

(firefox:5984): dconf-CRITICAL **: 20:47:23.745: unable to create directory '/run/user/0/dconf': Permission denied.  dconf will not work properly.

(firefox:5984): dconf-CRITICAL **: 20:47:23.745: unable to create directory '/run/user/0/dconf': Permission denied.  dconf will not work properly.

(firefox:5984): dconf-CRITICAL **: 20:47:23.762: unable to create directory '/run/user/0/dconf': Permission denied.  dconf will not work properly.

(firefox:5984): dconf-CRITICAL **: 20:47:23.762: unable to create directory '/run/user/0/dconf': Permission denied.  dconf will not work properly.

(firefox:5984): dconf-CRITICAL **: 20:47:23.767: unable to create directory '/run/user/0/dconf': Permission denied.  dconf will not work properly.

(firefox:5984): dconf-CRITICAL **: 20:47:23.768: unable to create directory '/run/user/0/dconf': Permission denied.  dconf will not work properly.

(firefox:5984): dconf-CRITICAL **: 20:47:23.842: unable to create directory '/run/user/0/dconf': Permission denied.  dconf will not work properly.

(firefox:5984): dconf-CRITICAL **: 20:47:23.843: unable to create directory '/run/user/0/dconf': Permission denied.  dconf will not work properly.

(firefox:5984): dconf-CRITICAL **: 20:47:23.844: unable to create directory '/run/user/0/dconf': Permission denied.  dconf will not work properly.

(firefox:5984): dconf-CRITICAL **: 20:47:23.844: unable to create directory '/run/user/0/dconf': Permission denied.  dconf will not work properly.

(firefox:5984): dconf-CRITICAL **: 20:47:23.963: unable to create directory '/run/user/0/dconf': Permission denied.  dconf will not work properly.

(firefox:5984): dconf-CRITICAL **: 20:47:23.963: unable to create directory '/run/user/0/dconf': Permission denied.  dconf will not work properly.

(firefox:5984): dconf-CRITICAL **: 20:47:24.238: unable to create directory '/run/user/0/dconf': Permission denied.  dconf will not work properly.

(firefox:5984): dconf-CRITICAL **: 20:47:24.238: unable to create directory '/run/user/0/dconf': Permission denied.  dconf will not work properly.

(firefox:5984): dconf-CRITICAL **: 20:47:24.681: unable to create directory '/run/user/0/dconf': Permission denied.  dconf will not work properly.

(firefox:5984): dconf-CRITICAL **: 20:47:24.681: unable to create directory '/run/user/0/dconf': Permission denied.  dconf will not work properly.

(firefox:5984): dconf-CRITICAL **: 20:47:24.702: unable to create directory '/run/user/0/dconf': Permission denied.  dconf will not work properly.

(firefox:5984): dconf-CRITICAL **: 20:47:24.702: unable to create directory '/run/user/0/dconf': Permission denied.  dconf will not work properly.
1642087045151	Marionette	INFO	Listening on port 41257

(firefox:5984): dconf-CRITICAL **: 20:47:25.242: unable to create directory '/run/user/0/dconf': Permission denied.  dconf will not work properly.

(firefox:5984): dconf-CRITICAL **: 20:47:25.242: unable to create directory '/run/user/0/dconf': Permission denied.  dconf will not work properly.

(firefox:5984): dconf-CRITICAL **: 20:47:25.260: unable to create directory '/run/user/0/dconf': Permission denied.  dconf will not work properly.

(firefox:5984): dconf-CRITICAL **: 20:47:25.260: unable to create directory '/run/user/0/dconf': Permission denied.  dconf will not work properly.
1642087045274	RemoteAgent	WARN	TLS certificate errors will be ignored for this session

(firefox:5984): dconf-CRITICAL **: 20:47:25.315: unable to create directory '/run/user/0/dconf': Permission denied.  dconf will not work properly.

(firefox:5984): dconf-CRITICAL **: 20:47:25.315: unable to create directory '/run/user/0/dconf': Permission denied.  dconf will not work properly.

(firefox:5984): dconf-CRITICAL **: 20:47:25.666: unable to create directory '/run/user/0/dconf': Permission denied.  dconf will not work properly.

(firefox:5984): dconf-CRITICAL **: 20:47:25.669: unable to create directory '/run/user/0/dconf': Permission denied.  dconf will not work properly.

(firefox:5984): dconf-CRITICAL **: 20:47:25.823: unable to create directory '/run/user/0/dconf': Permission denied.  dconf will not work properly.

(firefox:5984): dconf-CRITICAL **: 20:47:25.823: unable to create directory '/run/user/0/dconf': Permission denied.  dconf will not work properly.

(firefox:5984): dconf-CRITICAL **: 20:47:26.055: unable to create directory '/run/user/0/dconf': Permission denied.  dconf will not work properly.

(firefox:5984): dconf-CRITICAL **: 20:47:26.055: unable to create directory '/run/user/0/dconf': Permission denied.  dconf will not work properly.

(firefox:5984): dconf-CRITICAL **: 20:47:26.124: unable to create directory '/run/user/0/dconf': Permission denied.  dconf will not work properly.

(firefox:5984): dconf-CRITICAL **: 20:47:26.124: unable to create directory '/run/user/0/dconf': Permission denied.  dconf will not work properly.

(firefox:5984): dconf-CRITICAL **: 20:47:26.274: unable to create directory '/run/user/0/dconf': Permission denied.  dconf will not work properly.

(firefox:5984): dconf-CRITICAL **: 20:47:26.275: unable to create directory '/run/user/0/dconf': Permission denied.  dconf will not work properly.

(firefox:5984): dconf-CRITICAL **: 20:47:26.900: unable to create directory '/run/user/0/dconf': Permission denied.  dconf will not work properly.

(firefox:5984): dconf-CRITICAL **: 20:47:26.900: unable to create directory '/run/user/0/dconf': Permission denied.  dconf will not work properly.

(firefox:5984): dconf-CRITICAL **: 20:47:32.307: unable to create directory '/run/user/0/dconf': Permission denied.  dconf will not work properly.

(firefox:5984): dconf-CRITICAL **: 20:47:32.307: unable to create directory '/run/user/0/dconf': Permission denied.  dconf will not work properly.

(firefox:5984): dconf-CRITICAL **: 20:47:32.799: unable to create directory '/run/user/0/dconf': Permission denied.  dconf will not work properly.

(firefox:5984): dconf-CRITICAL **: 20:47:32.799: unable to create directory '/run/user/0/dconf': Permission denied.  dconf will not work properly.

(firefox:5984): dconf-CRITICAL **: 20:47:33.447: unable to create directory '/run/user/0/dconf': Permission denied.  dconf will not work properly.

(firefox:5984): dconf-CRITICAL **: 20:47:33.447: unable to create directory '/run/user/0/dconf': Permission denied.  dconf will not work properly.

(firefox:5984): dconf-CRITICAL **: 20:47:34.141: unable to create directory '/run/user/0/dconf': Permission denied.  dconf will not work properly.

(firefox:5984): dconf-CRITICAL **: 20:47:34.142: unable to create directory '/run/user/0/dconf': Permission denied.  dconf will not work properly.

(firefox:5984): dconf-CRITICAL **: 20:47:36.764: unable to create directory '/run/user/0/dconf': Permission denied.  dconf will not work properly.

(firefox:5984): dconf-CRITICAL **: 20:47:36.764: unable to create directory '/run/user/0/dconf': Permission denied.  dconf will not work properly.

(firefox:5984): dconf-CRITICAL **: 20:48:00.865: unable to create directory '/run/user/0/dconf': Permission denied.  dconf will not work properly.

(firefox:5984): dconf-CRITICAL **: 20:48:00.866: unable to create directory '/run/user/0/dconf': Permission denied.  dconf will not work properly.

(firefox:5984): dconf-CRITICAL **: 20:48:02.209: unable to create directory '/run/user/0/dconf': Permission denied.  dconf will not work properly.

(firefox:5984): dconf-CRITICAL **: 20:48:02.209: unable to create directory '/run/user/0/dconf': Permission denied.  dconf will not work properly.

(firefox:5984): dconf-CRITICAL **: 20:48:03.985: unable to create directory '/run/user/0/dconf': Permission denied.  dconf will not work properly.

(firefox:5984): dconf-CRITICAL **: 20:48:03.986: unable to create directory '/run/user/0/dconf': Permission denied.  dconf will not work properly.

(firefox:5984): dconf-CRITICAL **: 20:48:03.989: unable to create directory '/run/user/0/dconf': Permission denied.  dconf will not work properly.

(firefox:5984): dconf-CRITICAL **: 20:48:03.989: unable to create directory '/run/user/0/dconf': Permission denied.  dconf will not work properly.

(firefox:5984): dconf-CRITICAL **: 20:51:51.918: unable to create directory '/run/user/0/dconf': Permission denied.  dconf will not work properly.

(firefox:5984): dconf-CRITICAL **: 20:51:51.919: unable to create directory '/run/user/0/dconf': Permission denied.  dconf will not work properly.

(firefox:5984): dconf-CRITICAL **: 20:51:52.957: unable to create directory '/run/user/0/dconf': Permission denied.  dconf will not work properly.

(firefox:5984): dconf-CRITICAL **: 20:51:52.957: unable to create directory '/run/user/0/dconf': Permission denied.  dconf will not work properly.

(firefox:5984): dconf-CRITICAL **: 20:51:53.796: unable to create directory '/run/user/0/dconf': Permission denied.  dconf will not work properly.

(firefox:5984): dconf-CRITICAL **: 20:51:53.796: unable to create directory '/run/user/0/dconf': Permission denied.  dconf will not work properly.

(firefox:5984): dconf-CRITICAL **: 20:51:53.803: unable to create directory '/run/user/0/dconf': Permission denied.  dconf will not work properly.

(firefox:5984): dconf-CRITICAL **: 20:51:53.803: unable to create directory '/run/user/0/dconf': Permission denied.  dconf will not work properly.

(firefox:5984): dconf-CRITICAL **: 20:53:51.930: unable to create directory '/run/user/0/dconf': Permission denied.  dconf will not work properly.

(firefox:5984): dconf-CRITICAL **: 20:53:51.930: unable to create directory '/run/user/0/dconf': Permission denied.  dconf will not work properly.
1642087434099	addons.xpi	ERROR	System addon update list error Error: Failed downloading XML, status: 0, reason: error

(firefox:5984): dconf-CRITICAL **: 20:53:54.106: unable to create directory '/run/user/0/dconf': Permission denied.  dconf will not work properly.

(firefox:5984): dconf-CRITICAL **: 20:53:54.107: unable to create directory '/run/user/0/dconf': Permission denied.  dconf will not work properly.

(firefox:5984): dconf-CRITICAL **: 20:53:55.359: unable to create directory '/run/user/0/dconf': Permission denied.  dconf will not work properly.

(firefox:5984): dconf-CRITICAL **: 20:53:55.360: unable to create directory '/run/user/0/dconf': Permission denied.  dconf will not work properly.

(firefox:5984): dconf-CRITICAL **: 20:53:55.363: unable to create directory '/run/user/0/dconf': Permission denied.  dconf will not work properly.

(firefox:5984): dconf-CRITICAL **: 20:53:55.363: unable to create directory '/run/user/0/dconf': Permission denied.  dconf will not work properly.

(firefox:5984): dconf-CRITICAL **: 20:56:18.981: unable to create directory '/run/user/0/dconf': Permission denied.  dconf will not work properly.

(firefox:5984): dconf-CRITICAL **: 20:56:18.985: unable to create directory '/run/user/0/dconf': Permission denied.  dconf will not work properly.

(firefox:5984): dconf-CRITICAL **: 20:56:18.989: unable to create directory '/run/user/0/dconf': Permission denied.  dconf will not work properly.

(firefox:5984): dconf-CRITICAL **: 20:56:18.989: unable to create directory '/run/user/0/dconf': Permission denied.  dconf will not work properly.

(firefox:5984): dconf-CRITICAL **: 20:56:21.001: unable to create directory '/run/user/0/dconf': Permission denied.  dconf will not work properly.

(firefox:5984): dconf-CRITICAL **: 20:58:01.147: unable to create directory '/run/user/0/dconf': Permission denied.  dconf will not work properly.

(firefox:5984): dconf-CRITICAL **: 20:58:01.147: unable to create directory '/run/user/0/dconf': Permission denied.  dconf will not work properly.

(firefox:5984): dconf-CRITICAL **: 20:58:01.148: unable to create directory '/run/user/0/dconf': Permission denied.  dconf will not work properly.

(firefox:5984): dconf-CRITICAL **: 20:58:01.149: unable to create directory '/run/user/0/dconf': Permission denied.  dconf will not work properly.

(firefox:5984): dconf-CRITICAL **: 20:58:03.151: unable to create directory '/run/user/0/dconf': Permission denied.  dconf will not work properly.

(firefox:5984): dconf-CRITICAL **: 21:03:45.380: unable to create directory '/run/user/0/dconf': Permission denied.  dconf will not work properly.

(firefox:5984): dconf-CRITICAL **: 21:03:45.382: unable to create directory '/run/user/0/dconf': Permission denied.  dconf will not work properly.

(firefox:5984): dconf-CRITICAL **: 21:03:45.384: unable to create directory '/run/user/0/dconf': Permission denied.  dconf will not work properly.

(firefox:5984): dconf-CRITICAL **: 21:03:45.385: unable to create directory '/run/user/0/dconf': Permission denied.  dconf will not work properly.

(firefox:5984): dconf-CRITICAL **: 21:03:47.388: unable to create directory '/run/user/0/dconf': Permission denied.  dconf will not work properly.

(firefox:5984): dconf-CRITICAL **: 21:05:20.493: unable to create directory '/run/user/0/dconf': Permission denied.  dconf will not work properly.

(firefox:5984): dconf-CRITICAL **: 21:05:20.495: unable to create directory '/run/user/0/dconf': Permission denied.  dconf will not work properly.

(firefox:5984): dconf-CRITICAL **: 21:05:20.503: unable to create directory '/run/user/0/dconf': Permission denied.  dconf will not work properly.

(firefox:5984): dconf-CRITICAL **: 21:05:20.504: unable to create directory '/run/user/0/dconf': Permission denied.  dconf will not work properly.

(firefox:5984): dconf-CRITICAL **: 21:05:22.507: unable to create directory '/run/user/0/dconf': Permission denied.  dconf will not work properly.

(firefox:5984): dconf-CRITICAL **: 21:07:59.584: unable to create directory '/run/user/0/dconf': Permission denied.  dconf will not work properly.

(firefox:5984): dconf-CRITICAL **: 21:07:59.584: unable to create directory '/run/user/0/dconf': Permission denied.  dconf will not work properly.

(firefox:5984): dconf-CRITICAL **: 21:07:59.587: unable to create directory '/run/user/0/dconf': Permission denied.  dconf will not work properly.

(firefox:5984): dconf-CRITICAL **: 21:07:59.588: unable to create directory '/run/user/0/dconf': Permission denied.  dconf will not work properly.

(firefox:5984): dconf-CRITICAL **: 21:08:01.589: unable to create directory '/run/user/0/dconf': Permission denied.  dconf will not work properly.

(firefox:5984): dconf-CRITICAL **: 21:11:09.648: unable to create directory '/run/user/0/dconf': Permission denied.  dconf will not work properly.

(firefox:5984): dconf-CRITICAL **: 21:11:09.648: unable to create directory '/run/user/0/dconf': Permission denied.  dconf will not work properly.

(firefox:5984): dconf-CRITICAL **: 21:11:09.652: unable to create directory '/run/user/0/dconf': Permission denied.  dconf will not work properly.

(firefox:5984): dconf-CRITICAL **: 21:11:09.653: unable to create directory '/run/user/0/dconf': Permission denied.  dconf will not work properly.

(firefox:5984): dconf-CRITICAL **: 21:11:11.655: unable to create directory '/run/user/0/dconf': Permission denied.  dconf will not work properly.

(firefox:5984): dconf-CRITICAL **: 21:13:28.703: unable to create directory '/run/user/0/dconf': Permission denied.  dconf will not work properly.

(firefox:5984): dconf-CRITICAL **: 21:13:28.704: unable to create directory '/run/user/0/dconf': Permission denied.  dconf will not work properly.

(firefox:5984): dconf-CRITICAL **: 21:13:33.957: unable to create directory '/run/user/0/dconf': Permission denied.  dconf will not work properly.

(firefox:5984): dconf-CRITICAL **: 21:13:33.959: unable to create directory '/run/user/0/dconf': Permission denied.  dconf will not work properly.

(firefox:5984): dconf-CRITICAL **: 21:13:34.997: unable to create directory '/run/user/0/dconf': Permission denied.  dconf will not work properly.

(firefox:5984): dconf-CRITICAL **: 21:13:34.998: unable to create directory '/run/user/0/dconf': Permission denied.  dconf will not work properly.

(firefox:5984): dconf-CRITICAL **: 21:13:35.010: unable to create directory '/run/user/0/dconf': Permission denied.  dconf will not work properly.

(firefox:5984): dconf-CRITICAL **: 21:13:35.010: unable to create directory '/run/user/0/dconf': Permission denied.  dconf will not work properly.

(firefox:5984): dconf-CRITICAL **: 21:16:18.051: unable to create directory '/run/user/0/dconf': Permission denied.  dconf will not work properly.

(firefox:5984): dconf-CRITICAL **: 21:16:18.051: unable to create directory '/run/user/0/dconf': Permission denied.  dconf will not work properly.

(firefox:5984): dconf-CRITICAL **: 21:16:18.052: unable to create directory '/run/user/0/dconf': Permission denied.  dconf will not work properly.

(firefox:5984): dconf-CRITICAL **: 21:16:18.052: unable to create directory '/run/user/0/dconf': Permission denied.  dconf will not work properly.

(firefox:5984): dconf-CRITICAL **: 21:16:20.061: unable to create directory '/run/user/0/dconf': Permission denied.  dconf will not work properly.

(firefox:5984): dconf-CRITICAL **: 21:21:28.271: unable to create directory '/run/user/0/dconf': Permission denied.  dconf will not work properly.

(firefox:5984): dconf-CRITICAL **: 21:21:28.272: unable to create directory '/run/user/0/dconf': Permission denied.  dconf will not work properly.

(firefox:5984): dconf-CRITICAL **: 21:21:28.277: unable to create directory '/run/user/0/dconf': Permission denied.  dconf will not work properly.

(firefox:5984): dconf-CRITICAL **: 21:21:28.277: unable to create directory '/run/user/0/dconf': Permission denied.  dconf will not work properly.

(firefox:5984): dconf-CRITICAL **: 21:21:30.281: unable to create directory '/run/user/0/dconf': Permission denied.  dconf will not work properly.

(firefox:5984): dconf-CRITICAL **: 21:38:35.105: unable to create directory '/run/user/0/dconf': Permission denied.  dconf will not work properly.

(firefox:5984): dconf-CRITICAL **: 21:38:35.105: unable to create directory '/run/user/0/dconf': Permission denied.  dconf will not work properly.

(firefox:5984): dconf-CRITICAL **: 21:38:35.107: unable to create directory '/run/user/0/dconf': Permission denied.  dconf will not work properly.

(firefox:5984): dconf-CRITICAL **: 21:38:35.107: unable to create directory '/run/user/0/dconf': Permission denied.  dconf will not work properly.

(firefox:5984): dconf-CRITICAL **: 21:38:37.109: unable to create directory '/run/user/0/dconf': Permission denied.  dconf will not work properly.

(firefox:5984): dconf-CRITICAL **: 21:43:18.013: unable to create directory '/run/user/0/dconf': Permission denied.  dconf will not work properly.

(firefox:5984): dconf-CRITICAL **: 21:43:18.013: unable to create directory '/run/user/0/dconf': Permission denied.  dconf will not work properly.

(firefox:5984): dconf-CRITICAL **: 21:43:18.014: unable to create directory '/run/user/0/dconf': Permission denied.  dconf will not work properly.

(firefox:5984): dconf-CRITICAL **: 21:43:18.014: unable to create directory '/run/user/0/dconf': Permission denied.  dconf will not work properly.

(firefox:5984): dconf-CRITICAL **: 21:43:20.016: unable to create directory '/run/user/0/dconf': Permission denied.  dconf will not work properly.

(firefox:5984): dconf-CRITICAL **: 21:47:20.832: unable to create directory '/run/user/0/dconf': Permission denied.  dconf will not work properly.

(firefox:5984): dconf-CRITICAL **: 21:47:20.832: unable to create directory '/run/user/0/dconf': Permission denied.  dconf will not work properly.

(firefox:5984): dconf-CRITICAL **: 21:47:20.835: unable to create directory '/run/user/0/dconf': Permission denied.  dconf will not work properly.

(firefox:5984): dconf-CRITICAL **: 21:47:20.839: unable to create directory '/run/user/0/dconf': Permission denied.  dconf will not work properly.

(firefox:5984): dconf-CRITICAL **: 21:47:22.846: unable to create directory '/run/user/0/dconf': Permission denied.  dconf will not work properly.

(firefox:5984): dconf-CRITICAL **: 21:52:28.552: unable to create directory '/run/user/0/dconf': Permission denied.  dconf will not work properly.

(firefox:5984): dconf-CRITICAL **: 21:52:28.552: unable to create directory '/run/user/0/dconf': Permission denied.  dconf will not work properly.

(firefox:5984): dconf-CRITICAL **: 21:52:28.555: unable to create directory '/run/user/0/dconf': Permission denied.  dconf will not work properly.

(firefox:5984): dconf-CRITICAL **: 21:52:28.556: unable to create directory '/run/user/0/dconf': Permission denied.  dconf will not work properly.

(firefox:5984): dconf-CRITICAL **: 21:52:30.557: unable to create directory '/run/user/0/dconf': Permission denied.  dconf will not work properly.

(firefox:5984): dconf-CRITICAL **: 21:53:35.527: unable to create directory '/run/user/0/dconf': Permission denied.  dconf will not work properly.

(firefox:5984): dconf-CRITICAL **: 21:53:35.530: unable to create directory '/run/user/0/dconf': Permission denied.  dconf will not work properly.

(firefox:5984): dconf-CRITICAL **: 21:53:35.534: unable to create directory '/run/user/0/dconf': Permission denied.  dconf will not work properly.

(firefox:5984): dconf-CRITICAL **: 21:53:35.535: unable to create directory '/run/user/0/dconf': Permission denied.  dconf will not work properly.

(firefox:5984): dconf-CRITICAL **: 21:53:37.537: unable to create directory '/run/user/0/dconf': Permission denied.  dconf will not work properly.

(firefox:5984): dconf-CRITICAL **: 22:04:26.665: unable to create directory '/run/user/0/dconf': Permission denied.  dconf will not work properly.

(firefox:5984): dconf-CRITICAL **: 22:04:26.665: unable to create directory '/run/user/0/dconf': Permission denied.  dconf will not work properly.

(firefox:5984): dconf-CRITICAL **: 22:18:05.497: unable to create directory '/run/user/0/dconf': Permission denied.  dconf will not work properly.

(firefox:5984): dconf-CRITICAL **: 22:18:05.497: unable to create directory '/run/user/0/dconf': Permission denied.  dconf will not work properly.

(firefox:5984): dconf-CRITICAL **: 22:18:05.505: unable to create directory '/run/user/0/dconf': Permission denied.  dconf will not work properly.

(firefox:5984): dconf-CRITICAL **: 22:18:05.505: unable to create directory '/run/user/0/dconf': Permission denied.  dconf will not work properly.

(firefox:5984): dconf-CRITICAL **: 22:18:07.507: unable to create directory '/run/user/0/dconf': Permission denied.  dconf will not work properly.

(firefox:5984): dconf-CRITICAL **: 22:18:19.061: unable to create directory '/run/user/0/dconf': Permission denied.  dconf will not work properly.

(firefox:5984): dconf-CRITICAL **: 22:18:19.061: unable to create directory '/run/user/0/dconf': Permission denied.  dconf will not work properly.

(firefox:5984): dconf-CRITICAL **: 22:18:19.066: unable to create directory '/run/user/0/dconf': Permission denied.  dconf will not work properly.

(firefox:5984): dconf-CRITICAL **: 22:18:19.067: unable to create directory '/run/user/0/dconf': Permission denied.  dconf will not work properly.

(firefox:5984): dconf-CRITICAL **: 22:18:20.274: unable to create directory '/run/user/0/dconf': Permission denied.  dconf will not work properly.

(firefox:5984): dconf-CRITICAL **: 22:18:20.274: unable to create directory '/run/user/0/dconf': Permission denied.  dconf will not work properly.

(firefox:5984): dconf-CRITICAL **: 22:18:20.282: unable to create directory '/run/user/0/dconf': Permission denied.  dconf will not work properly.

(firefox:5984): dconf-CRITICAL **: 22:18:20.282: unable to create directory '/run/user/0/dconf': Permission denied.  dconf will not work properly.

(firefox:5984): dconf-CRITICAL **: 22:18:22.118: unable to create directory '/run/user/0/dconf': Permission denied.  dconf will not work properly.

(firefox:5984): dconf-CRITICAL **: 22:18:22.119: unable to create directory '/run/user/0/dconf': Permission denied.  dconf will not work properly.

(firefox:5984): dconf-CRITICAL **: 22:18:22.121: unable to create directory '/run/user/0/dconf': Permission denied.  dconf will not work properly.

(firefox:5984): dconf-CRITICAL **: 22:18:22.122: unable to create directory '/run/user/0/dconf': Permission denied.  dconf will not work properly.

(firefox:5984): dconf-CRITICAL **: 22:18:24.126: unable to create directory '/run/user/0/dconf': Permission denied.  dconf will not work properly.

(firefox:5984): dconf-CRITICAL **: 22:20:04.734: unable to create directory '/run/user/0/dconf': Permission denied.  dconf will not work properly.

(firefox:5984): dconf-CRITICAL **: 22:20:04.734: unable to create directory '/run/user/0/dconf': Permission denied.  dconf will not work properly.

(firefox:5984): dconf-CRITICAL **: 22:20:04.737: unable to create directory '/run/user/0/dconf': Permission denied.  dconf will not work properly.

(firefox:5984): dconf-CRITICAL **: 22:20:04.737: unable to create directory '/run/user/0/dconf': Permission denied.  dconf will not work properly.

(firefox:5984): dconf-CRITICAL **: 22:20:06.739: unable to create directory '/run/user/0/dconf': Permission denied.  dconf will not work properly.

(firefox:5984): dconf-CRITICAL **: 22:50:41.095: unable to create directory '/run/user/0/dconf': Permission denied.  dconf will not work properly.

(firefox:5984): dconf-CRITICAL **: 22:50:41.096: unable to create directory '/run/user/0/dconf': Permission denied.  dconf will not work properly.

(firefox:5984): dconf-CRITICAL **: 22:50:41.097: unable to create directory '/run/user/0/dconf': Permission denied.  dconf will not work properly.

(firefox:5984): dconf-CRITICAL **: 22:50:41.097: unable to create directory '/run/user/0/dconf': Permission denied.  dconf will not work properly.

(firefox:5984): dconf-CRITICAL **: 22:50:42.881: unable to create directory '/run/user/0/dconf': Permission denied.  dconf will not work properly.

(firefox:5984): dconf-CRITICAL **: 22:50:42.881: unable to create directory '/run/user/0/dconf': Permission denied.  dconf will not work properly.

(firefox:5984): dconf-CRITICAL **: 22:50:42.883: unable to create directory '/run/user/0/dconf': Permission denied.  dconf will not work properly.

(firefox:5984): dconf-CRITICAL **: 22:50:42.883: unable to create directory '/run/user/0/dconf': Permission denied.  dconf will not work properly.

(firefox:5984): dconf-CRITICAL **: 22:50:44.884: unable to create directory '/run/user/0/dconf': Permission denied.  dconf will not work properly.

(firefox:5984): dconf-CRITICAL **: 22:52:35.032: unable to create directory '/run/user/0/dconf': Permission denied.  dconf will not work properly.

(firefox:5984): dconf-CRITICAL **: 22:52:35.032: unable to create directory '/run/user/0/dconf': Permission denied.  dconf will not work properly.

(firefox:5984): dconf-CRITICAL **: 22:52:35.033: unable to create directory '/run/user/0/dconf': Permission denied.  dconf will not work properly.

(firefox:5984): dconf-CRITICAL **: 22:52:35.033: unable to create directory '/run/user/0/dconf': Permission denied.  dconf will not work properly.

(firefox:5984): dconf-CRITICAL **: 22:52:37.035: unable to create directory '/run/user/0/dconf': Permission denied.  dconf will not work properly.

(firefox:5984): dconf-CRITICAL **: 22:52:41.536: unable to create directory '/run/user/0/dconf': Permission denied.  dconf will not work properly.

(firefox:5984): dconf-CRITICAL **: 22:52:41.536: unable to create directory '/run/user/0/dconf': Permission denied.  dconf will not work properly.

(firefox:5984): dconf-CRITICAL **: 22:52:41.537: unable to create directory '/run/user/0/dconf': Permission denied.  dconf will not work properly.

(firefox:5984): dconf-CRITICAL **: 22:52:41.537: unable to create directory '/run/user/0/dconf': Permission denied.  dconf will not work properly.

(firefox:5984): dconf-CRITICAL **: 22:52:42.634: unable to create directory '/run/user/0/dconf': Permission denied.  dconf will not work properly.

(firefox:5984): dconf-CRITICAL **: 22:52:42.634: unable to create directory '/run/user/0/dconf': Permission denied.  dconf will not work properly.

(firefox:5984): dconf-CRITICAL **: 22:52:42.645: unable to create directory '/run/user/0/dconf': Permission denied.  dconf will not work properly.

(firefox:5984): dconf-CRITICAL **: 22:52:42.645: unable to create directory '/run/user/0/dconf': Permission denied.  dconf will not work properly.

(firefox:5984): dconf-CRITICAL **: 22:52:44.649: unable to create directory '/run/user/0/dconf': Permission denied.  dconf will not work properly.

(firefox:5984): dconf-CRITICAL **: 22:52:45.857: unable to create directory '/run/user/0/dconf': Permission denied.  dconf will not work properly.

(firefox:5984): dconf-CRITICAL **: 22:52:45.857: unable to create directory '/run/user/0/dconf': Permission denied.  dconf will not work properly.

(firefox:5984): dconf-CRITICAL **: 22:52:45.858: unable to create directory '/run/user/0/dconf': Permission denied.  dconf will not work properly.

(firefox:5984): dconf-CRITICAL **: 22:52:45.858: unable to create directory '/run/user/0/dconf': Permission denied.  dconf will not work properly.

(firefox:5984): dconf-CRITICAL **: 22:52:47.859: unable to create directory '/run/user/0/dconf': Permission denied.  dconf will not work properly.

(firefox:5984): dconf-CRITICAL **: 22:52:49.895: unable to create directory '/run/user/0/dconf': Permission denied.  dconf will not work properly.

(firefox:5984): dconf-CRITICAL **: 22:52:49.895: unable to create directory '/run/user/0/dconf': Permission denied.  dconf will not work properly.

(firefox:5984): dconf-CRITICAL **: 22:52:49.896: unable to create directory '/run/user/0/dconf': Permission denied.  dconf will not work properly.

(firefox:5984): dconf-CRITICAL **: 22:52:49.897: unable to create directory '/run/user/0/dconf': Permission denied.  dconf will not work properly.

(firefox:5984): dconf-CRITICAL **: 22:52:51.963: unable to create directory '/run/user/0/dconf': Permission denied.  dconf will not work properly.

(firefox:5984): dconf-CRITICAL **: 22:52:59.520: unable to create directory '/run/user/0/dconf': Permission denied.  dconf will not work properly.

(firefox:5984): dconf-CRITICAL **: 22:52:59.521: unable to create directory '/run/user/0/dconf': Permission denied.  dconf will not work properly.

(firefox:5984): dconf-CRITICAL **: 22:52:59.523: unable to create directory '/run/user/0/dconf': Permission denied.  dconf will not work properly.

(firefox:5984): dconf-CRITICAL **: 22:52:59.523: unable to create directory '/run/user/0/dconf': Permission denied.  dconf will not work properly.

(firefox:5984): dconf-CRITICAL **: 22:53:01.527: unable to create directory '/run/user/0/dconf': Permission denied.  dconf will not work properly.

(firefox:5984): dconf-CRITICAL **: 22:54:29.767: unable to create directory '/run/user/0/dconf': Permission denied.  dconf will not work properly.

(firefox:5984): dconf-CRITICAL **: 22:54:29.767: unable to create directory '/run/user/0/dconf': Permission denied.  dconf will not work properly.

(firefox:5984): dconf-CRITICAL **: 22:54:29.776: unable to create directory '/run/user/0/dconf': Permission denied.  dconf will not work properly.

(firefox:5984): dconf-CRITICAL **: 22:54:29.776: unable to create directory '/run/user/0/dconf': Permission denied.  dconf will not work properly.

(firefox:5984): dconf-CRITICAL **: 22:54:31.688: unable to create directory '/run/user/0/dconf': Permission denied.  dconf will not work properly.

(firefox:5984): dconf-CRITICAL **: 22:54:31.688: unable to create directory '/run/user/0/dconf': Permission denied.  dconf will not work properly.

(firefox:5984): dconf-CRITICAL **: 22:54:31.690: unable to create directory '/run/user/0/dconf': Permission denied.  dconf will not work properly.

(firefox:5984): dconf-CRITICAL **: 22:54:31.690: unable to create directory '/run/user/0/dconf': Permission denied.  dconf will not work properly.

(firefox:5984): dconf-CRITICAL **: 22:54:31.802: unable to create directory '/run/user/0/dconf': Permission denied.  dconf will not work properly.

(firefox:5984): dconf-CRITICAL **: 22:54:31.803: unable to create directory '/run/user/0/dconf': Permission denied.  dconf will not work properly.

(firefox:5984): dconf-CRITICAL **: 22:54:31.817: unable to create directory '/run/user/0/dconf': Permission denied.  dconf will not work properly.

(firefox:5984): dconf-CRITICAL **: 22:54:31.817: unable to create directory '/run/user/0/dconf': Permission denied.  dconf will not work properly.

(firefox:5984): dconf-CRITICAL **: 22:54:32.327: unable to create directory '/run/user/0/dconf': Permission denied.  dconf will not work properly.

(firefox:5984): dconf-CRITICAL **: 22:54:32.327: unable to create directory '/run/user/0/dconf': Permission denied.  dconf will not work properly.

(firefox:5984): dconf-CRITICAL **: 22:54:32.542: unable to create directory '/run/user/0/dconf': Permission denied.  dconf will not work properly.

(firefox:5984): dconf-CRITICAL **: 22:54:32.544: unable to create directory '/run/user/0/dconf': Permission denied.  dconf will not work properly.

(firefox:5984): dconf-CRITICAL **: 22:54:32.703: unable to create directory '/run/user/0/dconf': Permission denied.  dconf will not work properly.

(firefox:5984): dconf-CRITICAL **: 22:54:32.703: unable to create directory '/run/user/0/dconf': Permission denied.  dconf will not work properly.

(firefox:5984): dconf-CRITICAL **: 22:54:39.509: unable to create directory '/run/user/0/dconf': Permission denied.  dconf will not work properly.

(firefox:5984): dconf-CRITICAL **: 22:54:39.510: unable to create directory '/run/user/0/dconf': Permission denied.  dconf will not work properly.

(firefox:5984): dconf-CRITICAL **: 22:54:39.513: unable to create directory '/run/user/0/dconf': Permission denied.  dconf will not work properly.

(firefox:5984): dconf-CRITICAL **: 22:54:39.513: unable to create directory '/run/user/0/dconf': Permission denied.  dconf will not work properly.

(firefox:5984): dconf-CRITICAL **: 22:54:41.537: unable to create directory '/run/user/0/dconf': Permission denied.  dconf will not work properly.

(firefox:5984): dconf-CRITICAL **: 22:54:41.608: unable to create directory '/run/user/0/dconf': Permission denied.  dconf will not work properly.

(firefox:5984): dconf-CRITICAL **: 22:54:41.608: unable to create directory '/run/user/0/dconf': Permission denied.  dconf will not work properly.

(firefox:5984): dconf-CRITICAL **: 22:54:41.620: unable to create directory '/run/user/0/dconf': Permission denied.  dconf will not work properly.

(firefox:5984): dconf-CRITICAL **: 22:54:41.623: unable to create directory '/run/user/0/dconf': Permission denied.  dconf will not work properly.

(firefox:5984): dconf-CRITICAL **: 22:54:41.628: unable to create directory '/run/user/0/dconf': Permission denied.  dconf will not work properly.

(firefox:5984): dconf-CRITICAL **: 22:54:41.628: unable to create directory '/run/user/0/dconf': Permission denied.  dconf will not work properly.

(firefox:5984): dconf-CRITICAL **: 22:54:41.629: unable to create directory '/run/user/0/dconf': Permission denied.  dconf will not work properly.

(firefox:5984): dconf-CRITICAL **: 22:54:41.629: unable to create directory '/run/user/0/dconf': Permission denied.  dconf will not work properly.

(firefox:5984): dconf-CRITICAL **: 22:54:43.011: unable to create directory '/run/user/0/dconf': Permission denied.  dconf will not work properly.

(firefox:5984): dconf-CRITICAL **: 22:54:43.011: unable to create directory '/run/user/0/dconf': Permission denied.  dconf will not work properly.

(firefox:5984): dconf-CRITICAL **: 22:54:43.012: unable to create directory '/run/user/0/dconf': Permission denied.  dconf will not work properly.

(firefox:5984): dconf-CRITICAL **: 22:54:43.012: unable to create directory '/run/user/0/dconf': Permission denied.  dconf will not work properly.

(firefox:5984): dconf-CRITICAL **: 22:54:43.024: unable to create directory '/run/user/0/dconf': Permission denied.  dconf will not work properly.

(firefox:5984): dconf-CRITICAL **: 22:54:43.024: unable to create directory '/run/user/0/dconf': Permission denied.  dconf will not work properly.

(firefox:5984): dconf-CRITICAL **: 22:54:43.037: unable to create directory '/run/user/0/dconf': Permission denied.  dconf will not work properly.

(firefox:5984): dconf-CRITICAL **: 22:54:43.038: unable to create directory '/run/user/0/dconf': Permission denied.  dconf will not work properly.

(firefox:5984): dconf-CRITICAL **: 22:54:46.809: unable to create directory '/run/user/0/dconf': Permission denied.  dconf will not work properly.

(firefox:5984): dconf-CRITICAL **: 22:54:46.809: unable to create directory '/run/user/0/dconf': Permission denied.  dconf will not work properly.

(firefox:5984): dconf-CRITICAL **: 22:54:46.824: unable to create directory '/run/user/0/dconf': Permission denied.  dconf will not work properly.

(firefox:5984): dconf-CRITICAL **: 22:54:46.826: unable to create directory '/run/user/0/dconf': Permission denied.  dconf will not work properly.

(firefox:5984): dconf-CRITICAL **: 22:54:46.845: unable to create directory '/run/user/0/dconf': Permission denied.  dconf will not work properly.

(firefox:5984): dconf-CRITICAL **: 22:54:46.845: unable to create directory '/run/user/0/dconf': Permission denied.  dconf will not work properly.

(firefox:5984): dconf-CRITICAL **: 22:54:46.845: unable to create directory '/run/user/0/dconf': Permission denied.  dconf will not work properly.

(firefox:5984): dconf-CRITICAL **: 22:54:46.845: unable to create directory '/run/user/0/dconf': Permission denied.  dconf will not work properly.

(firefox:5984): dconf-CRITICAL **: 22:54:46.946: unable to create directory '/run/user/0/dconf': Permission denied.  dconf will not work properly.

(firefox:5984): dconf-CRITICAL **: 22:54:46.946: unable to create directory '/run/user/0/dconf': Permission denied.  dconf will not work properly.

(firefox:5984): dconf-CRITICAL **: 22:54:48.941: unable to create directory '/run/user/0/dconf': Permission denied.  dconf will not work properly.

(firefox:5984): dconf-CRITICAL **: 22:54:48.944: unable to create directory '/run/user/0/dconf': Permission denied.  dconf will not work properly.

(firefox:5984): dconf-CRITICAL **: 22:54:48.950: unable to create directory '/run/user/0/dconf': Permission denied.  dconf will not work properly.

(firefox:5984): dconf-CRITICAL **: 22:54:48.952: unable to create directory '/run/user/0/dconf': Permission denied.  dconf will not work properly.

(firefox:5984): dconf-CRITICAL **: 22:54:50.960: unable to create directory '/run/user/0/dconf': Permission denied.  dconf will not work properly.

(firefox:5984): dconf-CRITICAL **: 22:54:58.861: unable to create directory '/run/user/0/dconf': Permission denied.  dconf will not work properly.

(firefox:5984): dconf-CRITICAL **: 22:54:58.862: unable to create directory '/run/user/0/dconf': Permission denied.  dconf will not work properly.
1642094698865	Marionette	INFO	Stopped listening on port 41257

(firefox:5984): dconf-CRITICAL **: 22:54:58.872: unable to create directory '/run/user/0/dconf': Permission denied.  dconf will not work properly.

(firefox:5984): dconf-CRITICAL **: 22:54:58.872: unable to create directory '/run/user/0/dconf': Permission denied.  dconf will not work properly.
console.warn: TopSitesFeed: Failed to fetch data from Contile server: NetworkError when attempting to fetch resource.

###!!! [Parent][RunMessage] Error: Channel closing: too late to send/recv, messages will be lost

